2023-12-04T15:04:58.307Z INFO: Server is now running on port 5000 
2023-12-04T15:04:58.351Z INFO: MongoDB connected! 
2023-12-04T15:10:35.406Z WARN: GET /users 404 3ms 404
2023-12-04T15:17:23.150Z WARN: POST /signup 404 2ms 404
2023-12-04T15:17:29.672Z WARN: POST /signup 404 1ms 404
2023-12-04T15:18:41.616Z INFO: Server is now running on port 5000 
2023-12-04T15:18:41.640Z INFO: MongoDB connected! 
2023-12-04T15:19:01.511Z WARN: POST /signup 404 3ms 404
2023-12-04T15:22:03.649Z WARN: POST /signup?email=emamawoda@gmail.com&username=mawodaekabua&password=emawodaa&age=20 404 1ms 404
2023-12-04T15:22:05.377Z WARN: POST /signup?email=emamawoda@gmail.com&username=mawodaekabua&password=emawodaa&age=20 404 0ms 404
2023-12-04T15:27:23.192Z WARN: POST /signup?email=1mawoda@gmail.com&password=mawodaekabua&username=emawoda&age=20 404 0ms 404
2023-12-04T15:53:44.527Z INFO: Server is now running on port 5000 
2023-12-04T15:53:44.565Z INFO: MongoDB connected! 
2023-12-04T15:55:24.358Z WARN: POST /signup?email=1mawoda@gmail.com&password=mawodaekabua&username=emawoda&age=20 404 2ms 404
2023-12-04T16:03:01.917Z WARN: POST /signup?email=1mawoda@gmail.com&password=mawodaekabua&username=emawoda&age=20 404 1ms 404
2023-12-04T16:04:06.094Z WARN: POST /signup?email=1mawoda@gmail.com&password=mawodaekabua&username=emawoda&age=20 404 1ms 404
2023-12-04T16:08:45.501Z INFO: Server is now running on port 5000 
2023-12-04T16:08:45.525Z INFO: MongoDB connected! 
2023-12-04T16:08:54.216Z WARN: POST /signup?email=1mawoda@gmail.com&password=mawodaekabua&username=emawoda&age=20 404 2ms 404
2023-12-04T16:12:00.662Z INFO: MongoDB connected! 
2023-12-04T16:12:38.874Z INFO: MongoDB connected! 
2023-12-04T16:13:15.223Z INFO: Server is now running on port 5000 
2023-12-04T16:13:15.245Z INFO: MongoDB connected! 
2023-12-04T16:14:10.518Z INFO: Server is now running on port 5000 
2023-12-04T16:14:10.548Z INFO: MongoDB connected! 
2023-12-04T16:30:11.398Z INFO: Server is now running on port 5000 
2023-12-04T16:30:11.558Z INFO: MongoDB connected! 
2023-12-04T16:30:23.457Z WARN: POST /signup 404 4ms 404
2023-12-04T16:32:14.020Z WARN: POST /v1/signup 404 1ms 404
2023-12-04T16:34:15.200Z WARN: POST /v1/signup 404 1ms 404
2023-12-04T16:34:23.298Z WARN: POST /signup 404 1ms 404
2023-12-04T16:40:31.101Z WARN: POST /api/v1/signup 400 27ms 400
2023-12-04T16:41:09.861Z WARN: POST /api/v1/signup 400 4ms 400
2023-12-04T16:42:25.872Z WARN: POST /api/v1/signup?email=1mawoda@gmail.com&password=mawoda001aa&username=emawoda&age=20 400 1ms 400
2023-12-04T20:15:16.227Z INFO: Server is now running on port 5000 
2023-12-04T20:16:11.586Z INFO: Server is now running on port 5000 
2023-12-04T20:16:12.618Z INFO: MongoDB connected! 
2023-12-05T14:43:49.921Z INFO: Server is now running on port 5000 
2023-12-05T14:44:20.039Z INFO: Server is now running on port 5000 
2023-12-05T14:44:23.087Z INFO: MongoDB connected! 
2023-12-05T14:45:20.379Z WARN: POST /api/v1/signup?email=1mawoda@gmail.com&password=mawoda001aa&username=emawoda&age=20 400 17ms 400
2023-12-05T14:48:34.523Z WARN: POST /api/v1/signup 400 3ms 400
2023-12-05T14:48:36.481Z WARN: POST /api/v1/signup 400 1ms 400
2023-12-05T14:48:58.870Z WARN: POST /signup 404 2ms 404
2023-12-05T14:49:16.285Z WARN: POST /api/v1/signup 400 1ms 400
2023-12-05T14:54:16.489Z WARN: POST /api/v1/signup?email=1mawoda@gmail.com&password=mawoda001aa&username=emawoda&age=20 400 1ms 400
2023-12-05T15:04:26.718Z WARN: POST /api/v1/admin/login?username=mawoda&password=ovidotAdmin123%23 400 1ms 400
2023-12-05T15:07:21.152Z INFO: Email sent: 250 2.0.0 OK  1701788840 b7-20020a056000054700b003334460e256sm6854265wrf.92 - gsmtp 
2023-12-05T15:07:21.157Z INFO: POST /api/v1/signup 201 3513ms 201
2023-12-05T15:10:53.148Z WARN: POST /api/v1/admin/login 404 25ms 404
2023-12-05T15:12:10.139Z WARN: POST /api/v1/admin/login 404 5ms 404
2023-12-05T15:20:29.288Z INFO: POST /api/v1/admin/login 200 519ms 200
2023-12-05T15:33:24.330Z WARN: GET /api/v1/admin/users 401 1ms 401
2023-12-05T15:34:30.413Z WARN: GET /api/v1/admin/login?username=mawoda&password=ovidotAdmin123%23 404 2ms 404
2023-12-05T15:34:38.991Z INFO: POST /api/v1/admin/login?username=mawoda&password=ovidotAdmin123%23 200 654ms 200
2023-12-05T15:35:58.199Z WARN: GET /api/v1/admin/users?page=1&limit=10 401 1ms 401
2023-12-05T15:40:09.704Z WARN: GET /api/v1/admin/users?page=1&limit=10 401 1ms 401
2023-12-05T15:40:39.271Z INFO: GET /api/v1/admin/users?page=1&limit=10 200 9ms 200
